<?xml version="1.0" encoding="utf-8" standalone="no"?>
<!--This file represents the results of running a test suite-->
<test-results name="C:\Documents and Settings\montoyaa\My Documents\3dr trunk UPLOAD\3dr\testing\3DR_Testing\bin\Debug\3DR_Testing.dll" total="3" errors="2" failures="0" not-run="0" inconclusive="0" ignored="0" skipped="0" invalid="0" date="2011-01-24" time="13:30:16">
  <environment nunit-version="2.5.9.10348" clr-version="2.0.50727.3615" os-version="Microsoft Windows NT 5.1.2600 Service Pack 3" platform="Win32NT" cwd="C:\Documents and Settings\montoyaa\My Documents\3dr trunk UPLOAD\3dr\testing\3DR_Testing\bin\Debug" machine-name="ORL-MILLSJ" user="montoyaa" user-domain="ADL" />
  <culture-info current-culture="en-US" current-uiculture="en-US" />
  <test-suite type="Assembly" name="C:\Documents and Settings\montoyaa\My Documents\3dr trunk UPLOAD\3dr\testing\3DR_Testing\bin\Debug\3DR_Testing.dll" executed="False" result="Cancelled">
    <results>
      <test-suite type="Namespace" name="_3DR_Uploading" executed="False" result="Cancelled">
        <results>
          <test-suite type="Namespace" name="NewUploadAll" executed="True" result="Success" success="True" time="8.938" asserts="0">
            <results>
              <test-suite type="TestFixture" name="NewUploadTest" executed="True" result="Success" success="True" time="8.938" asserts="0">
                <results>
                  <test-suite type="ParameterizedTest" name="TestUpload" executed="True" result="Success" success="True" time="8.906" asserts="0">
                    <results>
                      <test-case name="_3DR_Uploading.NewUploadAll.NewUploadTest.TestUpload(&quot;SU27.zip&quot;)" executed="True" result="Success" success="True" time="8.906" asserts="4" />
                    </results>
                  </test-suite>
                </results>
              </test-suite>
            </results>
          </test-suite>
          <test-suite type="Namespace" name="UploadAll" executed="False" result="Cancelled">
            <results>
              <test-suite type="TestFixture" name="FF_SimpleUpload" executed="False" result="Cancelled">
                <results>
                  <test-suite type="ParameterizedTest" name="_3DSUpload" executed="False" result="Cancelled">
                    <results>
                      <test-case name="_3DR_Uploading.UploadAll.FF_SimpleUpload._3DSUpload(&quot;C13DS.3DS&quot;)" executed="True" result="Error" success="False" time="7.203" asserts="1">
                        <failure>
                          <message><![CDATA[Selenium.SeleniumException : ERROR: Element ctl00_ContentPlaceHolder1_Upload1_TitleTextBox not found]]></message>
                          <stack-trace><![CDATA[at Selenium.HttpCommandProcessor.DoCommand(String command, String[] args) in c:\hudson\workspace\selenium-rc-trunk-win-headless\trunk\clients\dotnet\src\Core\HttpCommandProcessor.cs:line 98
at Selenium.DefaultSelenium.Type(String locator, String value) in c:\hudson\workspace\selenium-rc-trunk-win-headless\trunk\clients\dotnet\src\Core\DefaultSelenium.cs:line 470
at _3DR_Uploading.UploadAll.FF_SimpleUpload.Upload(String mFileToUpload) in C:\Documents and Settings\montoyaa\My Documents\3DR_Testing\3DR_Testing\SimpleUpload.cs:line 368
at _3DR_Uploading.UploadAll.FF_SimpleUpload._3DSUpload(String mFileToUpload) in C:\Documents and Settings\montoyaa\My Documents\3DR_Testing\3DR_Testing\SimpleUpload.cs:line 146
]]></stack-trace>
                        </failure>
                      </test-case>
                      <test-case name="_3DR_Uploading.UploadAll.FF_SimpleUpload._3DSUpload(&quot;C23DS.3DS&quot;)" executed="False" result="Cancelled">
                        <failure>
                          <message><![CDATA[Test cancelled by user]]></message>
                          <stack-trace><![CDATA[at System.RuntimeMethodHandle._InvokeMethodFast(Object target, Object[] arguments, SignatureStruct& sig, MethodAttributes methodAttributes, RuntimeTypeHandle typeOwner)
at System.RuntimeMethodHandle.InvokeMethodFast(Object target, Object[] arguments, Signature sig, MethodAttributes methodAttributes, RuntimeTypeHandle typeOwner)
at System.Reflection.RuntimeMethodInfo.Invoke(Object obj, BindingFlags invokeAttr, Binder binder, Object[] parameters, CultureInfo culture, Boolean skipVisibilityChecks)
at System.Reflection.RuntimeMethodInfo.Invoke(Object obj, BindingFlags invokeAttr, Binder binder, Object[] parameters, CultureInfo culture)
at NUnit.Core.Reflect.InvokeMethod(MethodInfo method, Object fixture, Object[] args)
at NUnit.Core.TestMethod.RunTestMethod(TestResult testResult)
at NUnit.Core.TestMethod.RunTestCase(TestResult testResult)
]]></stack-trace>
                        </failure>
                      </test-case>
                    </results>
                  </test-suite>
                </results>
              </test-suite>
            </results>
          </test-suite>
        </results>
      </test-suite>
    </results>
  </test-suite>
</test-results>